<?xml version="1.0" encoding="UTF-8"?>
<testsuite xmlns:xsi="http://www.w3.org/2001/XMLSchema-instance" xsi:noNamespaceSchemaLocation="https://maven.apache.org/surefire/maven-surefire-plugin/xsd/surefire-test-report-3.0.xsd" version="3.0" name="com.example.medicalregister.beans.PatientBeanTest" time="2.131" tests="5" errors="0" skipped="0" failures="0">
  <properties>
    <property name="java.specification.version" value="17"/>
    <property name="sun.jnu.encoding" value="UTF-8"/>
    <property name="java.class.path" value="/Users/devendrasharma/Desktop/medical-register-crud-sb3/target/test-classes:/Users/devendrasharma/Desktop/medical-register-crud-sb3/target/classes:/Users/devendrasharma/.m2/repository/org/springframework/boot/spring-boot-starter-web/3.1.4/spring-boot-starter-web-3.1.4.jar:/Users/devendrasharma/.m2/repository/org/springframework/boot/spring-boot-starter/3.1.4/spring-boot-starter-3.1.4.jar:/Users/devendrasharma/.m2/repository/org/springframework/boot/spring-boot/3.1.4/spring-boot-3.1.4.jar:/Users/devendrasharma/.m2/repository/org/springframework/boot/spring-boot-autoconfigure/3.1.4/spring-boot-autoconfigure-3.1.4.jar:/Users/devendrasharma/.m2/repository/org/springframework/boot/spring-boot-starter-logging/3.1.4/spring-boot-starter-logging-3.1.4.jar:/Users/devendrasharma/.m2/repository/ch/qos/logback/logback-classic/1.4.11/logback-classic-1.4.11.jar:/Users/devendrasharma/.m2/repository/ch/qos/logback/logback-core/1.4.11/logback-core-1.4.11.jar:/Users/devendrasharma/.m2/repository/org/apache/logging/log4j/log4j-to-slf4j/2.20.0/log4j-to-slf4j-2.20.0.jar:/Users/devendrasharma/.m2/repository/org/apache/logging/log4j/log4j-api/2.20.0/log4j-api-2.20.0.jar:/Users/devendrasharma/.m2/repository/org/slf4j/jul-to-slf4j/2.0.9/jul-to-slf4j-2.0.9.jar:/Users/devendrasharma/.m2/repository/org/yaml/snakeyaml/1.33/snakeyaml-1.33.jar:/Users/devendrasharma/.m2/repository/org/springframework/boot/spring-boot-starter-json/3.1.4/spring-boot-starter-json-3.1.4.jar:/Users/devendrasharma/.m2/repository/com/fasterxml/jackson/core/jackson-databind/2.15.2/jackson-databind-2.15.2.jar:/Users/devendrasharma/.m2/repository/com/fasterxml/jackson/core/jackson-annotations/2.15.2/jackson-annotations-2.15.2.jar:/Users/devendrasharma/.m2/repository/com/fasterxml/jackson/core/jackson-core/2.15.2/jackson-core-2.15.2.jar:/Users/devendrasharma/.m2/repository/com/fasterxml/jackson/datatype/jackson-datatype-jdk8/2.15.2/jackson-datatype-jdk8-2.15.2.jar:/Users/devendrasharma/.m2/repository/com/fasterxml/jackson/datatype/jackson-datatype-jsr310/2.15.2/jackson-datatype-jsr310-2.15.2.jar:/Users/devendrasharma/.m2/repository/com/fasterxml/jackson/module/jackson-module-parameter-names/2.15.2/jackson-module-parameter-names-2.15.2.jar:/Users/devendrasharma/.m2/repository/org/springframework/boot/spring-boot-starter-tomcat/3.1.4/spring-boot-starter-tomcat-3.1.4.jar:/Users/devendrasharma/.m2/repository/org/apache/tomcat/embed/tomcat-embed-core/10.1.13/tomcat-embed-core-10.1.13.jar:/Users/devendrasharma/.m2/repository/org/apache/tomcat/embed/tomcat-embed-el/10.1.13/tomcat-embed-el-10.1.13.jar:/Users/devendrasharma/.m2/repository/org/apache/tomcat/embed/tomcat-embed-websocket/10.1.13/tomcat-embed-websocket-10.1.13.jar:/Users/devendrasharma/.m2/repository/org/springframework/spring-web/6.0.12/spring-web-6.0.12.jar:/Users/devendrasharma/.m2/repository/org/springframework/spring-beans/6.0.12/spring-beans-6.0.12.jar:/Users/devendrasharma/.m2/repository/io/micrometer/micrometer-observation/1.11.4/micrometer-observation-1.11.4.jar:/Users/devendrasharma/.m2/repository/io/micrometer/micrometer-commons/1.11.4/micrometer-commons-1.11.4.jar:/Users/devendrasharma/.m2/repository/org/springframework/spring-webmvc/6.0.12/spring-webmvc-6.0.12.jar:/Users/devendrasharma/.m2/repository/org/springframework/spring-context/6.0.12/spring-context-6.0.12.jar:/Users/devendrasharma/.m2/repository/org/springframework/spring-expression/6.0.12/spring-expression-6.0.12.jar:/Users/devendrasharma/.m2/repository/org/springframework/boot/spring-boot-starter-security/3.1.4/spring-boot-starter-security-3.1.4.jar:/Users/devendrasharma/.m2/repository/org/springframework/spring-aop/6.0.12/spring-aop-6.0.12.jar:/Users/devendrasharma/.m2/repository/org/springframework/security/spring-security-config/6.1.4/spring-security-config-6.1.4.jar:/Users/devendrasharma/.m2/repository/org/springframework/security/spring-security-web/6.1.4/spring-security-web-6.1.4.jar:/Users/devendrasharma/.m2/repository/org/springframework/boot/spring-boot-starter-oauth2-client/3.1.4/spring-boot-starter-oauth2-client-3.1.4.jar:/Users/devendrasharma/.m2/repository/org/springframework/security/spring-security-core/6.1.4/spring-security-core-6.1.4.jar:/Users/devendrasharma/.m2/repository/org/springframework/security/spring-security-crypto/6.1.4/spring-security-crypto-6.1.4.jar:/Users/devendrasharma/.m2/repository/org/springframework/security/spring-security-oauth2-client/6.1.4/spring-security-oauth2-client-6.1.4.jar:/Users/devendrasharma/.m2/repository/org/springframework/security/spring-security-oauth2-core/6.1.4/spring-security-oauth2-core-6.1.4.jar:/Users/devendrasharma/.m2/repository/com/nimbusds/oauth2-oidc-sdk/9.43.3/oauth2-oidc-sdk-9.43.3.jar:/Users/devendrasharma/.m2/repository/com/github/stephenc/jcip/jcip-annotations/1.0-1/jcip-annotations-1.0-1.jar:/Users/devendrasharma/.m2/repository/com/nimbusds/content-type/2.2/content-type-2.2.jar:/Users/devendrasharma/.m2/repository/com/nimbusds/lang-tag/1.7/lang-tag-1.7.jar:/Users/devendrasharma/.m2/repository/org/springframework/security/spring-security-oauth2-jose/6.1.4/spring-security-oauth2-jose-6.1.4.jar:/Users/devendrasharma/.m2/repository/com/nimbusds/nimbus-jose-jwt/9.31/nimbus-jose-jwt-9.31.jar:/Users/devendrasharma/.m2/repository/org/springframework/boot/spring-boot-starter-data-jpa/3.1.4/spring-boot-starter-data-jpa-3.1.4.jar:/Users/devendrasharma/.m2/repository/org/springframework/boot/spring-boot-starter-aop/3.1.4/spring-boot-starter-aop-3.1.4.jar:/Users/devendrasharma/.m2/repository/org/aspectj/aspectjweaver/1.9.20/aspectjweaver-1.9.20.jar:/Users/devendrasharma/.m2/repository/org/springframework/boot/spring-boot-starter-jdbc/3.1.4/spring-boot-starter-jdbc-3.1.4.jar:/Users/devendrasharma/.m2/repository/com/zaxxer/HikariCP/5.0.1/HikariCP-5.0.1.jar:/Users/devendrasharma/.m2/repository/org/springframework/spring-jdbc/6.0.12/spring-jdbc-6.0.12.jar:/Users/devendrasharma/.m2/repository/org/hibernate/orm/hibernate-core/6.2.9.Final/hibernate-core-6.2.9.Final.jar:/Users/devendrasharma/.m2/repository/jakarta/persistence/jakarta.persistence-api/3.1.0/jakarta.persistence-api-3.1.0.jar:/Users/devendrasharma/.m2/repository/jakarta/transaction/jakarta.transaction-api/2.0.1/jakarta.transaction-api-2.0.1.jar:/Users/devendrasharma/.m2/repository/org/jboss/logging/jboss-logging/3.5.3.Final/jboss-logging-3.5.3.Final.jar:/Users/devendrasharma/.m2/repository/org/hibernate/common/hibernate-commons-annotations/6.0.6.Final/hibernate-commons-annotations-6.0.6.Final.jar:/Users/devendrasharma/.m2/repository/io/smallrye/jandex/3.0.5/jandex-3.0.5.jar:/Users/devendrasharma/.m2/repository/com/fasterxml/classmate/1.5.1/classmate-1.5.1.jar:/Users/devendrasharma/.m2/repository/net/bytebuddy/byte-buddy/1.14.8/byte-buddy-1.14.8.jar:/Users/devendrasharma/.m2/repository/org/glassfish/jaxb/jaxb-runtime/4.0.3/jaxb-runtime-4.0.3.jar:/Users/devendrasharma/.m2/repository/org/glassfish/jaxb/jaxb-core/4.0.3/jaxb-core-4.0.3.jar:/Users/devendrasharma/.m2/repository/org/eclipse/angus/angus-activation/2.0.1/angus-activation-2.0.1.jar:/Users/devendrasharma/.m2/repository/org/glassfish/jaxb/txw2/4.0.3/txw2-4.0.3.jar:/Users/devendrasharma/.m2/repository/com/sun/istack/istack-commons-runtime/4.1.2/istack-commons-runtime-4.1.2.jar:/Users/devendrasharma/.m2/repository/org/antlr/antlr4-runtime/4.10.1/antlr4-runtime-4.10.1.jar:/Users/devendrasharma/.m2/repository/org/springframework/data/spring-data-jpa/3.1.4/spring-data-jpa-3.1.4.jar:/Users/devendrasharma/.m2/repository/org/springframework/data/spring-data-commons/3.1.4/spring-data-commons-3.1.4.jar:/Users/devendrasharma/.m2/repository/org/springframework/spring-orm/6.0.12/spring-orm-6.0.12.jar:/Users/devendrasharma/.m2/repository/org/springframework/spring-tx/6.0.12/spring-tx-6.0.12.jar:/Users/devendrasharma/.m2/repository/org/slf4j/slf4j-api/2.0.9/slf4j-api-2.0.9.jar:/Users/devendrasharma/.m2/repository/org/springframework/spring-aspects/6.0.12/spring-aspects-6.0.12.jar:/Users/devendrasharma/.m2/repository/com/h2database/h2/2.1.214/h2-2.1.214.jar:/Users/devendrasharma/.m2/repository/jakarta/enterprise/jakarta.enterprise.cdi-api/4.0.1/jakarta.enterprise.cdi-api-4.0.1.jar:/Users/devendrasharma/.m2/repository/jakarta/enterprise/jakarta.enterprise.lang-model/4.0.1/jakarta.enterprise.lang-model-4.0.1.jar:/Users/devendrasharma/.m2/repository/jakarta/el/jakarta.el-api/5.0.0/jakarta.el-api-5.0.0.jar:/Users/devendrasharma/.m2/repository/jakarta/interceptor/jakarta.interceptor-api/2.1.0/jakarta.interceptor-api-2.1.0.jar:/Users/devendrasharma/.m2/repository/jakarta/inject/jakarta.inject-api/2.0.1/jakarta.inject-api-2.0.1.jar:/Users/devendrasharma/.m2/repository/jakarta/annotation/jakarta.annotation-api/2.1.1/jakarta.annotation-api-2.1.1.jar:/Users/devendrasharma/.m2/repository/org/glassfish/jakarta.faces/4.0.1/jakarta.faces-4.0.1.jar:/Users/devendrasharma/.m2/repository/jakarta/servlet/jakarta.servlet-api/6.0.0/jakarta.servlet-api-6.0.0.jar:/Users/devendrasharma/.m2/repository/org/jboss/weld/servlet/weld-servlet-shaded/4.0.2.Final/weld-servlet-shaded-4.0.2.Final.jar:/Users/devendrasharma/.m2/repository/org/joinfaces/joinfaces/5.1.5/joinfaces-5.1.5.jar:/Users/devendrasharma/.m2/repository/io/github/classgraph/classgraph/4.8.163/classgraph-4.8.163.jar:/Users/devendrasharma/.m2/repository/org/joinfaces/jsf-spring-boot-starter/5.1.5/jsf-spring-boot-starter-5.1.5.jar:/Users/devendrasharma/.m2/repository/org/joinfaces/joinfaces-autoconfigure/5.1.5/joinfaces-autoconfigure-5.1.5.jar:/Users/devendrasharma/.m2/repository/org/joinfaces/mojarra3-spring-boot-starter/5.1.5/mojarra3-spring-boot-starter-5.1.5.jar:/Users/devendrasharma/.m2/repository/org/springframework/boot/spring-boot-starter-test/3.1.4/spring-boot-starter-test-3.1.4.jar:/Users/devendrasharma/.m2/repository/org/springframework/boot/spring-boot-test/3.1.4/spring-boot-test-3.1.4.jar:/Users/devendrasharma/.m2/repository/org/springframework/boot/spring-boot-test-autoconfigure/3.1.4/spring-boot-test-autoconfigure-3.1.4.jar:/Users/devendrasharma/.m2/repository/com/jayway/jsonpath/json-path/2.8.0/json-path-2.8.0.jar:/Users/devendrasharma/.m2/repository/jakarta/xml/bind/jakarta.xml.bind-api/4.0.1/jakarta.xml.bind-api-4.0.1.jar:/Users/devendrasharma/.m2/repository/jakarta/activation/jakarta.activation-api/2.1.2/jakarta.activation-api-2.1.2.jar:/Users/devendrasharma/.m2/repository/net/minidev/json-smart/2.4.11/json-smart-2.4.11.jar:/Users/devendrasharma/.m2/repository/net/minidev/accessors-smart/2.4.11/accessors-smart-2.4.11.jar:/Users/devendrasharma/.m2/repository/org/ow2/asm/asm/9.3/asm-9.3.jar:/Users/devendrasharma/.m2/repository/org/assertj/assertj-core/3.24.2/assertj-core-3.24.2.jar:/Users/devendrasharma/.m2/repository/org/hamcrest/hamcrest/2.2/hamcrest-2.2.jar:/Users/devendrasharma/.m2/repository/org/junit/jupiter/junit-jupiter/5.9.3/junit-jupiter-5.9.3.jar:/Users/devendrasharma/.m2/repository/org/junit/jupiter/junit-jupiter-api/5.9.3/junit-jupiter-api-5.9.3.jar:/Users/devendrasharma/.m2/repository/org/opentest4j/opentest4j/1.2.0/opentest4j-1.2.0.jar:/Users/devendrasharma/.m2/repository/org/junit/platform/junit-platform-commons/1.9.3/junit-platform-commons-1.9.3.jar:/Users/devendrasharma/.m2/repository/org/apiguardian/apiguardian-api/1.1.2/apiguardian-api-1.1.2.jar:/Users/devendrasharma/.m2/repository/org/junit/jupiter/junit-jupiter-params/5.9.3/junit-jupiter-params-5.9.3.jar:/Users/devendrasharma/.m2/repository/org/junit/jupiter/junit-jupiter-engine/5.9.3/junit-jupiter-engine-5.9.3.jar:/Users/devendrasharma/.m2/repository/org/junit/platform/junit-platform-engine/1.9.3/junit-platform-engine-1.9.3.jar:/Users/devendrasharma/.m2/repository/org/mockito/mockito-core/5.3.1/mockito-core-5.3.1.jar:/Users/devendrasharma/.m2/repository/net/bytebuddy/byte-buddy-agent/1.14.8/byte-buddy-agent-1.14.8.jar:/Users/devendrasharma/.m2/repository/org/objenesis/objenesis/3.3/objenesis-3.3.jar:/Users/devendrasharma/.m2/repository/org/mockito/mockito-junit-jupiter/5.3.1/mockito-junit-jupiter-5.3.1.jar:/Users/devendrasharma/.m2/repository/org/skyscreamer/jsonassert/1.5.1/jsonassert-1.5.1.jar:/Users/devendrasharma/.m2/repository/com/vaadin/external/google/android-json/0.0.20131108.vaadin1/android-json-0.0.20131108.vaadin1.jar:/Users/devendrasharma/.m2/repository/org/springframework/spring-core/6.0.12/spring-core-6.0.12.jar:/Users/devendrasharma/.m2/repository/org/springframework/spring-jcl/6.0.12/spring-jcl-6.0.12.jar:/Users/devendrasharma/.m2/repository/org/springframework/spring-test/6.0.12/spring-test-6.0.12.jar:/Users/devendrasharma/.m2/repository/org/xmlunit/xmlunit-core/2.9.1/xmlunit-core-2.9.1.jar:/Users/devendrasharma/.m2/repository/org/springframework/security/spring-security-test/6.1.4/spring-security-test-6.1.4.jar:/Users/devendrasharma/.m2/repository/org/testcontainers/junit-jupiter/1.18.3/junit-jupiter-1.18.3.jar:/Users/devendrasharma/.m2/repository/org/testcontainers/testcontainers/1.18.3/testcontainers-1.18.3.jar:/Users/devendrasharma/.m2/repository/org/apache/commons/commons-compress/1.23.0/commons-compress-1.23.0.jar:/Users/devendrasharma/.m2/repository/org/rnorth/duct-tape/duct-tape/1.0.8/duct-tape-1.0.8.jar:/Users/devendrasharma/.m2/repository/org/jetbrains/annotations/17.0.0/annotations-17.0.0.jar:/Users/devendrasharma/.m2/repository/com/github/docker-java/docker-java-api/3.3.0/docker-java-api-3.3.0.jar:/Users/devendrasharma/.m2/repository/com/github/docker-java/docker-java-transport-zerodep/3.3.0/docker-java-transport-zerodep-3.3.0.jar:/Users/devendrasharma/.m2/repository/com/github/docker-java/docker-java-transport/3.3.0/docker-java-transport-3.3.0.jar:/Users/devendrasharma/.m2/repository/net/java/dev/jna/jna/5.12.1/jna-5.12.1.jar:/Users/devendrasharma/.m2/repository/junit/junit/4.13.2/junit-4.13.2.jar:/Users/devendrasharma/.m2/repository/org/hamcrest/hamcrest-core/2.2/hamcrest-core-2.2.jar:"/>
    <property name="java.vm.vendor" value="Homebrew"/>
    <property name="sun.arch.data.model" value="64"/>
    <property name="java.vendor.url" value="https://github.com/Homebrew/homebrew-core/issues"/>
    <property name="user.timezone" value="Asia/Singapore"/>
    <property name="org.jboss.logging.provider" value="slf4j"/>
    <property name="os.name" value="Mac OS X"/>
    <property name="java.vm.specification.version" value="17"/>
    <property name="sun.java.launcher" value="SUN_STANDARD"/>
    <property name="user.country" value="GB"/>
    <property name="sun.boot.library.path" value="/opt/homebrew/Cellar/openjdk/16.0.1/libexec/openjdk.jdk/Contents/Home/lib"/>
    <property name="sun.java.command" value="/Users/devendrasharma/Desktop/medical-register-crud-sb3/target/surefire/surefirebooter-20250714104933119_3.jar /Users/devendrasharma/Desktop/medical-register-crud-sb3/target/surefire 2025-07-14T10-49-33_027-jvmRun1 surefire-20250714104933119_1tmp surefire_0-20250714104933119_2tmp"/>
    <property name="http.nonProxyHosts" value="local|*.local|169.254/16|*.169.254/16"/>
    <property name="jdk.debug" value="release"/>
    <property name="surefire.test.class.path" value="/Users/devendrasharma/Desktop/medical-register-crud-sb3/target/test-classes:/Users/devendrasharma/Desktop/medical-register-crud-sb3/target/classes:/Users/devendrasharma/.m2/repository/org/springframework/boot/spring-boot-starter-web/3.1.4/spring-boot-starter-web-3.1.4.jar:/Users/devendrasharma/.m2/repository/org/springframework/boot/spring-boot-starter/3.1.4/spring-boot-starter-3.1.4.jar:/Users/devendrasharma/.m2/repository/org/springframework/boot/spring-boot/3.1.4/spring-boot-3.1.4.jar:/Users/devendrasharma/.m2/repository/org/springframework/boot/spring-boot-autoconfigure/3.1.4/spring-boot-autoconfigure-3.1.4.jar:/Users/devendrasharma/.m2/repository/org/springframework/boot/spring-boot-starter-logging/3.1.4/spring-boot-starter-logging-3.1.4.jar:/Users/devendrasharma/.m2/repository/ch/qos/logback/logback-classic/1.4.11/logback-classic-1.4.11.jar:/Users/devendrasharma/.m2/repository/ch/qos/logback/logback-core/1.4.11/logback-core-1.4.11.jar:/Users/devendrasharma/.m2/repository/org/apache/logging/log4j/log4j-to-slf4j/2.20.0/log4j-to-slf4j-2.20.0.jar:/Users/devendrasharma/.m2/repository/org/apache/logging/log4j/log4j-api/2.20.0/log4j-api-2.20.0.jar:/Users/devendrasharma/.m2/repository/org/slf4j/jul-to-slf4j/2.0.9/jul-to-slf4j-2.0.9.jar:/Users/devendrasharma/.m2/repository/org/yaml/snakeyaml/1.33/snakeyaml-1.33.jar:/Users/devendrasharma/.m2/repository/org/springframework/boot/spring-boot-starter-json/3.1.4/spring-boot-starter-json-3.1.4.jar:/Users/devendrasharma/.m2/repository/com/fasterxml/jackson/core/jackson-databind/2.15.2/jackson-databind-2.15.2.jar:/Users/devendrasharma/.m2/repository/com/fasterxml/jackson/core/jackson-annotations/2.15.2/jackson-annotations-2.15.2.jar:/Users/devendrasharma/.m2/repository/com/fasterxml/jackson/core/jackson-core/2.15.2/jackson-core-2.15.2.jar:/Users/devendrasharma/.m2/repository/com/fasterxml/jackson/datatype/jackson-datatype-jdk8/2.15.2/jackson-datatype-jdk8-2.15.2.jar:/Users/devendrasharma/.m2/repository/com/fasterxml/jackson/datatype/jackson-datatype-jsr310/2.15.2/jackson-datatype-jsr310-2.15.2.jar:/Users/devendrasharma/.m2/repository/com/fasterxml/jackson/module/jackson-module-parameter-names/2.15.2/jackson-module-parameter-names-2.15.2.jar:/Users/devendrasharma/.m2/repository/org/springframework/boot/spring-boot-starter-tomcat/3.1.4/spring-boot-starter-tomcat-3.1.4.jar:/Users/devendrasharma/.m2/repository/org/apache/tomcat/embed/tomcat-embed-core/10.1.13/tomcat-embed-core-10.1.13.jar:/Users/devendrasharma/.m2/repository/org/apache/tomcat/embed/tomcat-embed-el/10.1.13/tomcat-embed-el-10.1.13.jar:/Users/devendrasharma/.m2/repository/org/apache/tomcat/embed/tomcat-embed-websocket/10.1.13/tomcat-embed-websocket-10.1.13.jar:/Users/devendrasharma/.m2/repository/org/springframework/spring-web/6.0.12/spring-web-6.0.12.jar:/Users/devendrasharma/.m2/repository/org/springframework/spring-beans/6.0.12/spring-beans-6.0.12.jar:/Users/devendrasharma/.m2/repository/io/micrometer/micrometer-observation/1.11.4/micrometer-observation-1.11.4.jar:/Users/devendrasharma/.m2/repository/io/micrometer/micrometer-commons/1.11.4/micrometer-commons-1.11.4.jar:/Users/devendrasharma/.m2/repository/org/springframework/spring-webmvc/6.0.12/spring-webmvc-6.0.12.jar:/Users/devendrasharma/.m2/repository/org/springframework/spring-context/6.0.12/spring-context-6.0.12.jar:/Users/devendrasharma/.m2/repository/org/springframework/spring-expression/6.0.12/spring-expression-6.0.12.jar:/Users/devendrasharma/.m2/repository/org/springframework/boot/spring-boot-starter-security/3.1.4/spring-boot-starter-security-3.1.4.jar:/Users/devendrasharma/.m2/repository/org/springframework/spring-aop/6.0.12/spring-aop-6.0.12.jar:/Users/devendrasharma/.m2/repository/org/springframework/security/spring-security-config/6.1.4/spring-security-config-6.1.4.jar:/Users/devendrasharma/.m2/repository/org/springframework/security/spring-security-web/6.1.4/spring-security-web-6.1.4.jar:/Users/devendrasharma/.m2/repository/org/springframework/boot/spring-boot-starter-oauth2-client/3.1.4/spring-boot-starter-oauth2-client-3.1.4.jar:/Users/devendrasharma/.m2/repository/org/springframework/security/spring-security-core/6.1.4/spring-security-core-6.1.4.jar:/Users/devendrasharma/.m2/repository/org/springframework/security/spring-security-crypto/6.1.4/spring-security-crypto-6.1.4.jar:/Users/devendrasharma/.m2/repository/org/springframework/security/spring-security-oauth2-client/6.1.4/spring-security-oauth2-client-6.1.4.jar:/Users/devendrasharma/.m2/repository/org/springframework/security/spring-security-oauth2-core/6.1.4/spring-security-oauth2-core-6.1.4.jar:/Users/devendrasharma/.m2/repository/com/nimbusds/oauth2-oidc-sdk/9.43.3/oauth2-oidc-sdk-9.43.3.jar:/Users/devendrasharma/.m2/repository/com/github/stephenc/jcip/jcip-annotations/1.0-1/jcip-annotations-1.0-1.jar:/Users/devendrasharma/.m2/repository/com/nimbusds/content-type/2.2/content-type-2.2.jar:/Users/devendrasharma/.m2/repository/com/nimbusds/lang-tag/1.7/lang-tag-1.7.jar:/Users/devendrasharma/.m2/repository/org/springframework/security/spring-security-oauth2-jose/6.1.4/spring-security-oauth2-jose-6.1.4.jar:/Users/devendrasharma/.m2/repository/com/nimbusds/nimbus-jose-jwt/9.31/nimbus-jose-jwt-9.31.jar:/Users/devendrasharma/.m2/repository/org/springframework/boot/spring-boot-starter-data-jpa/3.1.4/spring-boot-starter-data-jpa-3.1.4.jar:/Users/devendrasharma/.m2/repository/org/springframework/boot/spring-boot-starter-aop/3.1.4/spring-boot-starter-aop-3.1.4.jar:/Users/devendrasharma/.m2/repository/org/aspectj/aspectjweaver/1.9.20/aspectjweaver-1.9.20.jar:/Users/devendrasharma/.m2/repository/org/springframework/boot/spring-boot-starter-jdbc/3.1.4/spring-boot-starter-jdbc-3.1.4.jar:/Users/devendrasharma/.m2/repository/com/zaxxer/HikariCP/5.0.1/HikariCP-5.0.1.jar:/Users/devendrasharma/.m2/repository/org/springframework/spring-jdbc/6.0.12/spring-jdbc-6.0.12.jar:/Users/devendrasharma/.m2/repository/org/hibernate/orm/hibernate-core/6.2.9.Final/hibernate-core-6.2.9.Final.jar:/Users/devendrasharma/.m2/repository/jakarta/persistence/jakarta.persistence-api/3.1.0/jakarta.persistence-api-3.1.0.jar:/Users/devendrasharma/.m2/repository/jakarta/transaction/jakarta.transaction-api/2.0.1/jakarta.transaction-api-2.0.1.jar:/Users/devendrasharma/.m2/repository/org/jboss/logging/jboss-logging/3.5.3.Final/jboss-logging-3.5.3.Final.jar:/Users/devendrasharma/.m2/repository/org/hibernate/common/hibernate-commons-annotations/6.0.6.Final/hibernate-commons-annotations-6.0.6.Final.jar:/Users/devendrasharma/.m2/repository/io/smallrye/jandex/3.0.5/jandex-3.0.5.jar:/Users/devendrasharma/.m2/repository/com/fasterxml/classmate/1.5.1/classmate-1.5.1.jar:/Users/devendrasharma/.m2/repository/net/bytebuddy/byte-buddy/1.14.8/byte-buddy-1.14.8.jar:/Users/devendrasharma/.m2/repository/org/glassfish/jaxb/jaxb-runtime/4.0.3/jaxb-runtime-4.0.3.jar:/Users/devendrasharma/.m2/repository/org/glassfish/jaxb/jaxb-core/4.0.3/jaxb-core-4.0.3.jar:/Users/devendrasharma/.m2/repository/org/eclipse/angus/angus-activation/2.0.1/angus-activation-2.0.1.jar:/Users/devendrasharma/.m2/repository/org/glassfish/jaxb/txw2/4.0.3/txw2-4.0.3.jar:/Users/devendrasharma/.m2/repository/com/sun/istack/istack-commons-runtime/4.1.2/istack-commons-runtime-4.1.2.jar:/Users/devendrasharma/.m2/repository/org/antlr/antlr4-runtime/4.10.1/antlr4-runtime-4.10.1.jar:/Users/devendrasharma/.m2/repository/org/springframework/data/spring-data-jpa/3.1.4/spring-data-jpa-3.1.4.jar:/Users/devendrasharma/.m2/repository/org/springframework/data/spring-data-commons/3.1.4/spring-data-commons-3.1.4.jar:/Users/devendrasharma/.m2/repository/org/springframework/spring-orm/6.0.12/spring-orm-6.0.12.jar:/Users/devendrasharma/.m2/repository/org/springframework/spring-tx/6.0.12/spring-tx-6.0.12.jar:/Users/devendrasharma/.m2/repository/org/slf4j/slf4j-api/2.0.9/slf4j-api-2.0.9.jar:/Users/devendrasharma/.m2/repository/org/springframework/spring-aspects/6.0.12/spring-aspects-6.0.12.jar:/Users/devendrasharma/.m2/repository/com/h2database/h2/2.1.214/h2-2.1.214.jar:/Users/devendrasharma/.m2/repository/jakarta/enterprise/jakarta.enterprise.cdi-api/4.0.1/jakarta.enterprise.cdi-api-4.0.1.jar:/Users/devendrasharma/.m2/repository/jakarta/enterprise/jakarta.enterprise.lang-model/4.0.1/jakarta.enterprise.lang-model-4.0.1.jar:/Users/devendrasharma/.m2/repository/jakarta/el/jakarta.el-api/5.0.0/jakarta.el-api-5.0.0.jar:/Users/devendrasharma/.m2/repository/jakarta/interceptor/jakarta.interceptor-api/2.1.0/jakarta.interceptor-api-2.1.0.jar:/Users/devendrasharma/.m2/repository/jakarta/inject/jakarta.inject-api/2.0.1/jakarta.inject-api-2.0.1.jar:/Users/devendrasharma/.m2/repository/jakarta/annotation/jakarta.annotation-api/2.1.1/jakarta.annotation-api-2.1.1.jar:/Users/devendrasharma/.m2/repository/org/glassfish/jakarta.faces/4.0.1/jakarta.faces-4.0.1.jar:/Users/devendrasharma/.m2/repository/jakarta/servlet/jakarta.servlet-api/6.0.0/jakarta.servlet-api-6.0.0.jar:/Users/devendrasharma/.m2/repository/org/jboss/weld/servlet/weld-servlet-shaded/4.0.2.Final/weld-servlet-shaded-4.0.2.Final.jar:/Users/devendrasharma/.m2/repository/org/joinfaces/joinfaces/5.1.5/joinfaces-5.1.5.jar:/Users/devendrasharma/.m2/repository/io/github/classgraph/classgraph/4.8.163/classgraph-4.8.163.jar:/Users/devendrasharma/.m2/repository/org/joinfaces/jsf-spring-boot-starter/5.1.5/jsf-spring-boot-starter-5.1.5.jar:/Users/devendrasharma/.m2/repository/org/joinfaces/joinfaces-autoconfigure/5.1.5/joinfaces-autoconfigure-5.1.5.jar:/Users/devendrasharma/.m2/repository/org/joinfaces/mojarra3-spring-boot-starter/5.1.5/mojarra3-spring-boot-starter-5.1.5.jar:/Users/devendrasharma/.m2/repository/org/springframework/boot/spring-boot-starter-test/3.1.4/spring-boot-starter-test-3.1.4.jar:/Users/devendrasharma/.m2/repository/org/springframework/boot/spring-boot-test/3.1.4/spring-boot-test-3.1.4.jar:/Users/devendrasharma/.m2/repository/org/springframework/boot/spring-boot-test-autoconfigure/3.1.4/spring-boot-test-autoconfigure-3.1.4.jar:/Users/devendrasharma/.m2/repository/com/jayway/jsonpath/json-path/2.8.0/json-path-2.8.0.jar:/Users/devendrasharma/.m2/repository/jakarta/xml/bind/jakarta.xml.bind-api/4.0.1/jakarta.xml.bind-api-4.0.1.jar:/Users/devendrasharma/.m2/repository/jakarta/activation/jakarta.activation-api/2.1.2/jakarta.activation-api-2.1.2.jar:/Users/devendrasharma/.m2/repository/net/minidev/json-smart/2.4.11/json-smart-2.4.11.jar:/Users/devendrasharma/.m2/repository/net/minidev/accessors-smart/2.4.11/accessors-smart-2.4.11.jar:/Users/devendrasharma/.m2/repository/org/ow2/asm/asm/9.3/asm-9.3.jar:/Users/devendrasharma/.m2/repository/org/assertj/assertj-core/3.24.2/assertj-core-3.24.2.jar:/Users/devendrasharma/.m2/repository/org/hamcrest/hamcrest/2.2/hamcrest-2.2.jar:/Users/devendrasharma/.m2/repository/org/junit/jupiter/junit-jupiter/5.9.3/junit-jupiter-5.9.3.jar:/Users/devendrasharma/.m2/repository/org/junit/jupiter/junit-jupiter-api/5.9.3/junit-jupiter-api-5.9.3.jar:/Users/devendrasharma/.m2/repository/org/opentest4j/opentest4j/1.2.0/opentest4j-1.2.0.jar:/Users/devendrasharma/.m2/repository/org/junit/platform/junit-platform-commons/1.9.3/junit-platform-commons-1.9.3.jar:/Users/devendrasharma/.m2/repository/org/apiguardian/apiguardian-api/1.1.2/apiguardian-api-1.1.2.jar:/Users/devendrasharma/.m2/repository/org/junit/jupiter/junit-jupiter-params/5.9.3/junit-jupiter-params-5.9.3.jar:/Users/devendrasharma/.m2/repository/org/junit/jupiter/junit-jupiter-engine/5.9.3/junit-jupiter-engine-5.9.3.jar:/Users/devendrasharma/.m2/repository/org/junit/platform/junit-platform-engine/1.9.3/junit-platform-engine-1.9.3.jar:/Users/devendrasharma/.m2/repository/org/mockito/mockito-core/5.3.1/mockito-core-5.3.1.jar:/Users/devendrasharma/.m2/repository/net/bytebuddy/byte-buddy-agent/1.14.8/byte-buddy-agent-1.14.8.jar:/Users/devendrasharma/.m2/repository/org/objenesis/objenesis/3.3/objenesis-3.3.jar:/Users/devendrasharma/.m2/repository/org/mockito/mockito-junit-jupiter/5.3.1/mockito-junit-jupiter-5.3.1.jar:/Users/devendrasharma/.m2/repository/org/skyscreamer/jsonassert/1.5.1/jsonassert-1.5.1.jar:/Users/devendrasharma/.m2/repository/com/vaadin/external/google/android-json/0.0.20131108.vaadin1/android-json-0.0.20131108.vaadin1.jar:/Users/devendrasharma/.m2/repository/org/springframework/spring-core/6.0.12/spring-core-6.0.12.jar:/Users/devendrasharma/.m2/repository/org/springframework/spring-jcl/6.0.12/spring-jcl-6.0.12.jar:/Users/devendrasharma/.m2/repository/org/springframework/spring-test/6.0.12/spring-test-6.0.12.jar:/Users/devendrasharma/.m2/repository/org/xmlunit/xmlunit-core/2.9.1/xmlunit-core-2.9.1.jar:/Users/devendrasharma/.m2/repository/org/springframework/security/spring-security-test/6.1.4/spring-security-test-6.1.4.jar:/Users/devendrasharma/.m2/repository/org/testcontainers/junit-jupiter/1.18.3/junit-jupiter-1.18.3.jar:/Users/devendrasharma/.m2/repository/org/testcontainers/testcontainers/1.18.3/testcontainers-1.18.3.jar:/Users/devendrasharma/.m2/repository/org/apache/commons/commons-compress/1.23.0/commons-compress-1.23.0.jar:/Users/devendrasharma/.m2/repository/org/rnorth/duct-tape/duct-tape/1.0.8/duct-tape-1.0.8.jar:/Users/devendrasharma/.m2/repository/org/jetbrains/annotations/17.0.0/annotations-17.0.0.jar:/Users/devendrasharma/.m2/repository/com/github/docker-java/docker-java-api/3.3.0/docker-java-api-3.3.0.jar:/Users/devendrasharma/.m2/repository/com/github/docker-java/docker-java-transport-zerodep/3.3.0/docker-java-transport-zerodep-3.3.0.jar:/Users/devendrasharma/.m2/repository/com/github/docker-java/docker-java-transport/3.3.0/docker-java-transport-3.3.0.jar:/Users/devendrasharma/.m2/repository/net/java/dev/jna/jna/5.12.1/jna-5.12.1.jar:/Users/devendrasharma/.m2/repository/junit/junit/4.13.2/junit-4.13.2.jar:/Users/devendrasharma/.m2/repository/org/hamcrest/hamcrest-core/2.2/hamcrest-core-2.2.jar:"/>
    <property name="sun.cpu.endian" value="little"/>
    <property name="user.home" value="/Users/devendrasharma"/>
    <property name="user.language" value="en"/>
    <property name="java.specification.vendor" value="Oracle Corporation"/>
    <property name="java.version.date" value="2021-09-14"/>
    <property name="java.home" value="/opt/homebrew/Cellar/openjdk/16.0.1/libexec/openjdk.jdk/Contents/Home"/>
    <property name="file.separator" value="/"/>
    <property name="basedir" value="/Users/devendrasharma/Desktop/medical-register-crud-sb3"/>
    <property name="java.vm.compressedOopsMode" value="Zero based"/>
    <property name="line.separator" value="&#10;"/>
    <property name="java.vm.specification.vendor" value="Oracle Corporation"/>
    <property name="java.specification.name" value="Java Platform API Specification"/>
    <property name="FILE_LOG_CHARSET" value="UTF-8"/>
    <property name="java.awt.headless" value="true"/>
    <property name="surefire.real.class.path" value="/Users/devendrasharma/Desktop/medical-register-crud-sb3/target/surefire/surefirebooter-20250714104933119_3.jar"/>
    <property name="sun.management.compiler" value="HotSpot 64-Bit Tiered Compilers"/>
    <property name="ftp.nonProxyHosts" value="local|*.local|169.254/16|*.169.254/16"/>
    <property name="java.runtime.version" value="17+0"/>
    <property name="user.name" value="devendrasharma"/>
    <property name="path.separator" value=":"/>
    <property name="os.version" value="12.6"/>
    <property name="java.runtime.name" value="OpenJDK Runtime Environment"/>
    <property name="file.encoding" value="UTF-8"/>
    <property name="java.vm.name" value="OpenJDK 64-Bit Server VM"/>
    <property name="java.vendor.version" value="Homebrew"/>
    <property name="localRepository" value="/Users/devendrasharma/.m2/repository"/>
    <property name="java.vendor.url.bug" value="https://github.com/Homebrew/homebrew-core/issues"/>
    <property name="java.io.tmpdir" value="/var/folders/kz/slcz7_fx609786sqt8vkx9l80000gn/T/"/>
    <property name="java.version" value="17"/>
    <property name="user.dir" value="/Users/devendrasharma/Desktop/medical-register-crud-sb3"/>
    <property name="os.arch" value="aarch64"/>
    <property name="java.vm.specification.name" value="Java Virtual Machine Specification"/>
    <property name="PID" value="10408"/>
    <property name="CONSOLE_LOG_CHARSET" value="UTF-8"/>
    <property name="native.encoding" value="UTF-8"/>
    <property name="java.library.path" value="/Users/devendrasharma/Library/Java/Extensions:/Library/Java/Extensions:/Network/Library/Java/Extensions:/System/Library/Java/Extensions:/usr/lib/java:."/>
    <property name="java.vm.info" value="mixed mode"/>
    <property name="java.vendor" value="Homebrew"/>
    <property name="java.vm.version" value="17+0"/>
    <property name="sun.io.unicode.encoding" value="UnicodeBig"/>
    <property name="socksNonProxyHosts" value="local|*.local|169.254/16|*.169.254/16"/>
    <property name="java.class.version" value="61.0"/>
  </properties>
  <testcase name="testGetPatients" classname="com.example.medicalregister.beans.PatientBeanTest" time="0.439">
    <system-out><![CDATA[10:49:33.604 [main] INFO org.springframework.test.context.support.AnnotationConfigContextLoaderUtils -- Could not detect default configuration classes for test class [com.example.medicalregister.beans.PatientBeanTest]: PatientBeanTest does not declare any static, non-private, non-final, nested classes annotated with @Configuration.
10:49:33.662 [main] INFO org.springframework.boot.test.context.SpringBootTestContextBootstrapper -- Found @SpringBootConfiguration com.example.medicalregister.MedicalRegisterApplication for test class com.example.medicalregister.beans.PatientBeanTest

  .   ____          _            __ _ _
 /\\ / ___'_ __ _ _(_)_ __  __ _ \ \ \ \
( ( )\___ | '_ | '_| | '_ \/ _` | \ \ \ \
 \\/  ___)| |_)| | | | | || (_| |  ) ) ) )
  '  |____| .__|_| |_|_| |_\__, | / / / /
 =========|_|==============|___/=/_/_/_/
 :: Spring Boot ::                (v3.1.4)

2025-07-14 10:49:33.931 [main] INFO  c.e.m.beans.PatientBeanTest - Starting PatientBeanTest using Java 17 with PID 10408 (started by devendrasharma in /Users/devendrasharma/Desktop/medical-register-crud-sb3)
2025-07-14 10:49:33.931 [main] DEBUG c.e.m.beans.PatientBeanTest - Running with Spring Boot v3.1.4, Spring v6.0.12
2025-07-14 10:49:33.932 [main] INFO  c.e.m.beans.PatientBeanTest - No active profile set, falling back to 1 default profile: "default"
2025-07-14 10:49:34.117 [main] INFO  o.s.d.r.c.RepositoryConfigurationDelegate - Bootstrapping Spring Data JPA repositories in DEFAULT mode.
2025-07-14 10:49:34.139 [main] INFO  o.s.d.r.c.RepositoryConfigurationDelegate - Finished Spring Data repository scanning in 18 ms. Found 1 JPA repository interfaces.
2025-07-14 10:49:34.163 [main] INFO  o.s.b.t.a.j.TestDatabaseAutoConfiguration$EmbeddedDataSourceBeanFactoryPostProcessor - Replacing 'dataSource' DataSource bean with embedded version
2025-07-14 10:49:34.246 [main] INFO  o.s.j.d.e.EmbeddedDatabaseFactory - Starting embedded database: url='jdbc:h2:mem:00dcbd9c-bdf5-4663-a6ed-a06c1c3101ad;DB_CLOSE_DELAY=-1;DB_CLOSE_ON_EXIT=false', username='sa'
2025-07-14 10:49:34.385 [main] INFO  o.h.jpa.internal.util.LogHelper - HHH000204: Processing PersistenceUnitInfo [name: default]
2025-07-14 10:49:34.419 [main] INFO  org.hibernate.Version - HHH000412: Hibernate ORM core version 6.2.9.Final
2025-07-14 10:49:34.421 [main] INFO  org.hibernate.cfg.Environment - HHH000406: Using bytecode reflection optimizer
2025-07-14 10:49:34.487 [main] INFO  o.h.b.i.BytecodeProviderInitiator - HHH000021: Bytecode provider name : bytebuddy
2025-07-14 10:49:34.556 [main] INFO  o.s.o.j.p.SpringPersistenceUnitInfo - No LoadTimeWeaver setup: ignoring JPA class transformer
2025-07-14 10:49:34.683 [main] INFO  o.h.b.i.BytecodeProviderInitiator - HHH000021: Bytecode provider name : bytebuddy
2025-07-14 10:49:34.986 [main] INFO  o.h.e.t.j.p.i.JtaPlatformInitiator - HHH000490: Using JtaPlatform implementation: [org.hibernate.engine.transaction.jta.platform.internal.NoJtaPlatform]
2025-07-14 10:49:35.011 [main] DEBUG org.hibernate.SQL - create table patient (id bigint generated by default as identity, age integer, medical_history varchar(2000), name varchar(255), primary key (id))
Hibernate: create table patient (id bigint generated by default as identity, age integer, medical_history varchar(2000), name varchar(255), primary key (id))
2025-07-14 10:49:35.015 [main] INFO  o.s.o.j.LocalContainerEntityManagerFactoryBean - Initialized JPA EntityManagerFactory for persistence unit 'default'
2025-07-14 10:49:35.171 [main] INFO  c.e.m.beans.PatientBeanTest - Started PatientBeanTest in 1.47 seconds (process running for 1.976)
2025-07-14 10:49:35.514 [main] DEBUG org.hibernate.SQL - insert into patient (age,medical_history,name,id) values (?,?,?,default)
Hibernate: insert into patient (age,medical_history,name,id) values (?,?,?,default)
2025-07-14 10:49:35.521 [main] DEBUG org.hibernate.SQL - insert into patient (age,medical_history,name,id) values (?,?,?,default)
Hibernate: insert into patient (age,medical_history,name,id) values (?,?,?,default)
2025-07-14 10:49:35.572 [main] DEBUG org.hibernate.SQL - select p1_0.id,p1_0.age,p1_0.medical_history,p1_0.name from patient p1_0
Hibernate: select p1_0.id,p1_0.age,p1_0.medical_history,p1_0.name from patient p1_0
]]></system-out>
  </testcase>
  <testcase name="testGoToUpdatePatient" classname="com.example.medicalregister.beans.PatientBeanTest" time="0.006">
    <system-out><![CDATA[2025-07-14 10:49:35.617 [main] DEBUG org.hibernate.SQL - insert into patient (age,medical_history,name,id) values (?,?,?,default)
Hibernate: insert into patient (age,medical_history,name,id) values (?,?,?,default)
2025-07-14 10:49:35.618 [main] DEBUG c.e.m.beans.PatientBean - Navigating to update page for patient ID: 3
]]></system-out>
  </testcase>
  <testcase name="testSavePatient" classname="com.example.medicalregister.beans.PatientBeanTest" time="0.004">
    <system-out><![CDATA[2025-07-14 10:49:35.623 [main] DEBUG org.hibernate.SQL - insert into patient (age,medical_history,name,id) values (?,?,?,default)
Hibernate: insert into patient (age,medical_history,name,id) values (?,?,?,default)
]]></system-out>
  </testcase>
  <testcase name="testUpdatePatient" classname="com.example.medicalregister.beans.PatientBeanTest" time="0.006">
    <system-out><![CDATA[2025-07-14 10:49:35.628 [main] DEBUG org.hibernate.SQL - insert into patient (age,medical_history,name,id) values (?,?,?,default)
Hibernate: insert into patient (age,medical_history,name,id) values (?,?,?,default)
]]></system-out>
  </testcase>
  <testcase name="testDeletePatient" classname="com.example.medicalregister.beans.PatientBeanTest" time="0.007">
    <system-out><![CDATA[2025-07-14 10:49:35.636 [main] DEBUG org.hibernate.SQL - insert into patient (age,medical_history,name,id) values (?,?,?,default)
Hibernate: insert into patient (age,medical_history,name,id) values (?,?,?,default)
]]></system-out>
  </testcase>
</testsuite>